25-07-2024 - 10:18:55: INFO: Test test_check_book_availability STARTED
25-07-2024 - 10:19:03: INFO: Test test_check_book_availability ENDED
25-07-2024 - 10:19:20: INFO: Test test_check_book_summary STARTED
25-07-2024 - 10:19:25: INFO: Test test_check_book_summary ENDED
25-07-2024 - 10:19:41: INFO: Test test_search_book STARTED
25-07-2024 - 10:19:47: INFO: Test test_search_book ENDED
25-07-2024 - 10:20:18: INFO: Test test_find_and_favorite_library STARTED
25-07-2024 - 10:21:05: INFO: Test test_find_and_unfavorite_library STARTED
25-07-2024 - 10:21:46: INFO: Test test_delete_library STARTED
25-07-2024 - 10:22:06: INFO: Test test_delete_library ENDED
25-07-2024 - 10:22:36: INFO: Test test_check_if_book_in_list STARTED
25-07-2024 - 10:22:53: INFO: Test test_check_if_book_in_list ENDED
25-07-2024 - 10:23:24: INFO: Test test_make_and_save_to_list STARTED
25-07-2024 - 10:23:37: INFO: Test test_make_and_save_to_list ENDED
25-07-2024 - 10:23:55: INFO: Test test_return_smallest_distance STARTED
25-07-2024 - 10:24:05: INFO: Test test_return_smallest_distance COMPLETED 
 

25-07-2024 - 10:24:46: INFO: Test test_save_search STARTED
25-07-2024 - 10:25:00: INFO: Test test_save_search ENDED
25-07-2024 - 10:25:14: INFO: Test test_invalid_signin STARTED
25-07-2024 - 10:25:20: INFO: Test test_invalid_signin ENDED
25-07-2024 - 10:25:33: INFO: Test test_valid_signin STARTED
25-07-2024 - 10:25:50: INFO: Test test_valid_signin ENDED
25-07-2024 - 10:54:28: INFO: Test test_check_book_availability STARTED
25-07-2024 - 10:54:33: INFO: Test test_check_book_availability ENDED
25-07-2024 - 10:54:45: INFO: Test test_check_book_summary STARTED
25-07-2024 - 10:54:48: INFO: Test test_check_book_summary ENDED
25-07-2024 - 10:54:59: INFO: Test test_search_book STARTED
25-07-2024 - 10:55:02: INFO: Test test_search_book ENDED
25-07-2024 - 10:55:24: INFO: Test test_find_and_favorite_library STARTED
25-07-2024 - 10:55:41: INFO: Test test_find_and_favorite_library ENDED
25-07-2024 - 10:56:06: INFO: Test test_find_and_unfavorite_library STARTED
25-07-2024 - 10:56:15: INFO: Test test_find_and_unfavorite_library ENDED
25-07-2024 - 10:56:43: INFO: Test test_delete_library STARTED
25-07-2024 - 10:56:58: INFO: Test test_delete_library ENDED
25-07-2024 - 10:57:24: INFO: Test test_check_if_book_in_list STARTED
25-07-2024 - 10:57:37: INFO: Test test_check_if_book_in_list ENDED
25-07-2024 - 10:57:59: INFO: Test test_return_smallest_distance STARTED
25-07-2024 - 10:58:09: INFO: Test test_return_smallest_distance COMPLETED 
 

25-07-2024 - 10:58:33: INFO: Test test_delete_saved_search STARTED
25-07-2024 - 10:58:39: INFO: Test test_delete_saved_search ENDED
25-07-2024 - 10:59:02: INFO: Test test_save_search STARTED
25-07-2024 - 10:59:10: INFO: Test test_save_search ENDED
25-07-2024 - 10:59:23: INFO: Test test_invalid_signin STARTED
25-07-2024 - 10:59:29: INFO: Test test_invalid_signin ENDED
25-07-2024 - 10:59:40: INFO: Test test_valid_signin STARTED
25-07-2024 - 10:59:54: INFO: Test test_valid_signin ENDED
27-07-2024 - 21:35:50: INFO: Test test_check_book_availability STARTED
27-07-2024 - 21:35:54: INFO: Test test_check_book_availability ENDED
27-07-2024 - 21:36:02: INFO: Test test_check_book_summary STARTED
27-07-2024 - 21:36:06: INFO: Test test_check_book_summary ENDED
27-07-2024 - 21:36:15: INFO: Test test_search_book STARTED
27-07-2024 - 21:41:56: INFO: Test test_check_book_availability STARTED
27-07-2024 - 21:42:02: INFO: Test test_check_book_availability ENDED
27-07-2024 - 21:42:11: INFO: Test test_check_book_summary STARTED
27-07-2024 - 21:42:15: INFO: Test test_check_book_summary ENDED
27-07-2024 - 21:42:23: INFO: Test test_search_book STARTED
27-07-2024 - 21:42:48: INFO: Test test_find_and_favorite_library STARTED
27-07-2024 - 21:43:06: INFO: Test test_find_and_favorite_library ENDED
27-07-2024 - 21:43:21: INFO: Test test_find_and_unfavorite_library STARTED
27-07-2024 - 21:43:32: INFO: Test test_find_and_unfavorite_library ENDED
27-07-2024 - 21:43:54: INFO: Test test_delete_library STARTED
27-07-2024 - 21:44:11: INFO: Test test_delete_library ENDED
27-07-2024 - 21:44:31: INFO: Test test_check_if_book_in_list STARTED
27-07-2024 - 21:44:43: INFO: Test test_check_if_book_in_list ENDED
27-07-2024 - 21:45:08: INFO: Test test_make_and_save_to_list STARTED
27-07-2024 - 21:45:21: INFO: Test test_make_and_save_to_list ENDED
27-07-2024 - 21:45:30: INFO: Test test_return_smallest_distance STARTED
27-07-2024 - 21:45:41: INFO: Test test_return_smallest_distance COMPLETED 
 

27-07-2024 - 21:46:00: INFO: Test test_delete_saved_search STARTED
27-07-2024 - 21:46:44: INFO: Test test_save_search STARTED
27-07-2024 - 21:47:16: INFO: Test test_invalid_signin STARTED
27-07-2024 - 21:47:23: INFO: Test test_invalid_signin ENDED
27-07-2024 - 21:47:38: INFO: Test test_valid_signin STARTED
27-07-2024 - 21:47:58: INFO: Test test_valid_signin ENDED
27-07-2024 - 22:08:44: INFO: Test test_check_book_availability STARTED
27-07-2024 - 22:08:48: INFO: Test test_check_book_availability ENDED
27-07-2024 - 22:08:54: INFO: Test test_check_book_summary STARTED
27-07-2024 - 22:08:57: INFO: Test test_check_book_summary ENDED
27-07-2024 - 22:09:03: INFO: Test test_search_book STARTED
27-07-2024 - 22:09:28: INFO: Test test_find_and_favorite_library STARTED
27-07-2024 - 22:09:46: INFO: Test test_find_and_favorite_library ENDED
27-07-2024 - 22:10:04: INFO: Test test_find_and_unfavorite_library STARTED
27-07-2024 - 22:10:15: INFO: Test test_find_and_unfavorite_library ENDED
27-07-2024 - 22:10:35: INFO: Test test_delete_library STARTED
27-07-2024 - 22:10:53: INFO: Test test_delete_library ENDED
27-07-2024 - 22:11:15: INFO: Test test_check_if_book_in_list STARTED
27-07-2024 - 22:11:29: INFO: Test test_check_if_book_in_list ENDED
27-07-2024 - 22:11:52: INFO: Test test_make_and_save_to_list STARTED
27-07-2024 - 22:12:04: INFO: Test test_make_and_save_to_list ENDED
27-07-2024 - 22:12:14: INFO: Test test_return_smallest_distance STARTED
27-07-2024 - 22:12:24: INFO: Test test_return_smallest_distance COMPLETED 
 

27-07-2024 - 22:12:42: INFO: Test test_delete_saved_search STARTED
27-07-2024 - 22:12:49: INFO: Test test_delete_saved_search ENDED
27-07-2024 - 22:13:06: INFO: Test test_save_search STARTED
27-07-2024 - 22:13:16: INFO: Test test_save_search ENDED
27-07-2024 - 22:13:22: INFO: Test test_invalid_signin STARTED
27-07-2024 - 22:13:29: INFO: Test test_invalid_signin ENDED
27-07-2024 - 22:13:35: INFO: Test test_valid_signin STARTED
27-07-2024 - 22:13:50: INFO: Test test_valid_signin ENDED
